<?xml version="1.0" encoding="UTF-8"?>
<testsuite xmlns:xsi="http://www.w3.org/2001/XMLSchema-instance" xsi:noNamespaceSchemaLocation="https://maven.apache.org/surefire/maven-surefire-plugin/xsd/surefire-test-report.xsd" name="com.xue.example.AppTest" time="0.018" tests="1" errors="0" skipped="0" failures="0">
  <properties>
    <property name="sun.desktop" value="windows"/>
    <property name="awt.toolkit" value="sun.awt.windows.WToolkit"/>
    <property name="file.encoding.pkg" value="sun.io"/>
    <property name="java.specification.version" value="1.8"/>
    <property name="sun.cpu.isalist" value="amd64"/>
    <property name="sun.jnu.encoding" value="GBK"/>
    <property name="java.class.path" value="D:\spring\clould\spring-cloud-netflix\spring-cloud-mall-commons\spring-cloud-xue-core-tools\target\test-classes;D:\spring\clould\spring-cloud-netflix\spring-cloud-mall-commons\spring-cloud-xue-core-tools\target\classes;C:\Users\qsnp236\.m2\repository\junit\junit\4.11\junit-4.11.jar;C:\Users\qsnp236\.m2\repository\org\hamcrest\hamcrest-core\2.2\hamcrest-core-2.2.jar;C:\Users\qsnp236\.m2\repository\org\hamcrest\hamcrest\2.2\hamcrest-2.2.jar;"/>
    <property name="java.vm.vendor" value="Oracle Corporation"/>
    <property name="sun.arch.data.model" value="64"/>
    <property name="user.variant" value=""/>
    <property name="java.vendor.url" value="http://java.oracle.com/"/>
    <property name="user.timezone" value="Asia/Shanghai"/>
    <property name="java.vm.specification.version" value="1.8"/>
    <property name="os.name" value="Windows 10"/>
    <property name="user.country" value="CN"/>
    <property name="sun.java.launcher" value="SUN_STANDARD"/>
    <property name="sun.boot.library.path" value="D:\soft\java-1.8.0-openjdk-1.8.0.161-1\jre\bin"/>
    <property name="sun.java.command" value="C:\Users\qsnp236\AppData\Local\Temp\surefire124285705444334831\surefirebooter2551221122215526176.jar C:\Users\qsnp236\AppData\Local\Temp\surefire124285705444334831 2020-09-18T08-58-13_276-jvmRun1 surefire1363034124525566604tmp surefire_07647372959730186563tmp"/>
    <property name="surefire.test.class.path" value="D:\spring\clould\spring-cloud-netflix\spring-cloud-mall-commons\spring-cloud-xue-core-tools\target\test-classes;D:\spring\clould\spring-cloud-netflix\spring-cloud-mall-commons\spring-cloud-xue-core-tools\target\classes;C:\Users\qsnp236\.m2\repository\junit\junit\4.11\junit-4.11.jar;C:\Users\qsnp236\.m2\repository\org\hamcrest\hamcrest-core\2.2\hamcrest-core-2.2.jar;C:\Users\qsnp236\.m2\repository\org\hamcrest\hamcrest\2.2\hamcrest-2.2.jar;"/>
    <property name="sun.cpu.endian" value="little"/>
    <property name="user.home" value="C:\Users\qsnp236"/>
    <property name="user.language" value="zh"/>
    <property name="java.specification.vendor" value="Oracle Corporation"/>
    <property name="java.home" value="D:\soft\java-1.8.0-openjdk-1.8.0.161-1\jre"/>
    <property name="basedir" value="D:\spring\clould\spring-cloud-netflix\spring-cloud-mall-commons\spring-cloud-xue-core-tools"/>
    <property name="file.separator" value="\"/>
    <property name="line.separator" value="&#10;"/>
    <property name="java.vm.specification.vendor" value="Oracle Corporation"/>
    <property name="java.specification.name" value="Java Platform API Specification"/>
    <property name="java.awt.graphicsenv" value="sun.awt.Win32GraphicsEnvironment"/>
    <property name="surefire.real.class.path" value="C:\Users\qsnp236\AppData\Local\Temp\surefire124285705444334831\surefirebooter2551221122215526176.jar"/>
    <property name="sun.boot.class.path" value="D:\soft\java-1.8.0-openjdk-1.8.0.161-1\jre\lib\resources.jar;D:\soft\java-1.8.0-openjdk-1.8.0.161-1\jre\lib\rt.jar;D:\soft\java-1.8.0-openjdk-1.8.0.161-1\jre\lib\sunrsasign.jar;D:\soft\java-1.8.0-openjdk-1.8.0.161-1\jre\lib\jsse.jar;D:\soft\java-1.8.0-openjdk-1.8.0.161-1\jre\lib\jce.jar;D:\soft\java-1.8.0-openjdk-1.8.0.161-1\jre\lib\charsets.jar;D:\soft\java-1.8.0-openjdk-1.8.0.161-1\jre\lib\jfr.jar;D:\soft\java-1.8.0-openjdk-1.8.0.161-1\jre\classes"/>
    <property name="user.script" value=""/>
    <property name="sun.management.compiler" value="HotSpot 64-Bit Tiered Compilers"/>
    <property name="java.runtime.version" value="1.8.0_161-1-redhat-b14"/>
    <property name="user.name" value="qsnp236"/>
    <property name="path.separator" value=";"/>
    <property name="os.version" value="10.0"/>
    <property name="java.endorsed.dirs" value="D:\soft\java-1.8.0-openjdk-1.8.0.161-1\jre\lib\endorsed"/>
    <property name="java.runtime.name" value="OpenJDK Runtime Environment"/>
    <property name="file.encoding" value="GBK"/>
    <property name="java.vm.name" value="OpenJDK 64-Bit Server VM"/>
    <property name="localRepository" value="C:\Users\qsnp236\.m2\repository"/>
    <property name="java.vendor.url.bug" value="http://bugreport.sun.com/bugreport/"/>
    <property name="java.io.tmpdir" value="C:\Users\qsnp236\AppData\Local\Temp\"/>
    <property name="java.version" value="1.8.0_161-1-redhat"/>
    <property name="user.dir" value="D:\spring\clould\spring-cloud-netflix\spring-cloud-mall-commons\spring-cloud-xue-core-tools"/>
    <property name="os.arch" value="amd64"/>
    <property name="java.vm.specification.name" value="Java Virtual Machine Specification"/>
    <property name="java.awt.printerjob" value="sun.awt.windows.WPrinterJob"/>
    <property name="sun.os.patch.level" value=""/>
    <property name="java.library.path" value="D:\soft\java-1.8.0-openjdk-1.8.0.161-1\jre\bin;C:\Windows\Sun\Java\bin;C:\Windows\system32;C:\Windows;C:\Windows\system32;C:\Windows;C:\Windows\System32\Wbem;C:\Windows\System32\WindowsPowerShell\v1.0\;C:\Windows\System32\OpenSSH\;C:\Program Files (x86)\Intel\Intel(R) Management Engine Components\DAL;C:\Program Files\Intel\Intel(R) Management Engine Components\DAL;C:\Program Files (x86)\IBM\Client Access\Emulator;C:\Program Files (x86)\IBM\Client Access\Shared;C:\Program Files (x86)\IBM\Client Access\;D:\soft\TortoiseSVN\bin;C:\Program Files (x86)\Microsoft SQL Server\Client SDK\ODBC\130\Tools\Binn\;C:\Program Files (x86)\Microsoft SQL Server\140\Tools\Binn\;C:\Program Files (x86)\Microsoft SQL Server\140\DTS\Binn\;C:\Program Files (x86)\Microsoft SQL Server\140\Tools\Binn\ManagementStudio\;C:\Program Files\Git\cmd;C:\Program Files\nodejs\;C:\HashiCorp\Vagrant\bin;C:\Windows;C:\Windows\System32;C:\Windows\System32\Webm;C:\Users\qsnp236\AppData\Local\Microsoft\WindowsApps;D:\soft\java-1.8.0-openjdk-1.8.0.161-1\bin;D:\soft\java-1.8.0-openjdk-1.8.0.161-1\jre\bin;D:\tools\gradle-5.3\bin;C:\Users\qsnp236\AppData\Local\Programs\Microsoft VS Code\bin;C:\Users\qsnp236\AppData\Roaming\npm;D:\tools\apache-maven-3.5.2\bin;C:\Users\qsnp236\AppData\Local\Programs\EmEditor;;."/>
    <property name="java.vm.info" value="mixed mode"/>
    <property name="java.vendor" value="Oracle Corporation"/>
    <property name="java.vm.version" value="25.161-b14"/>
    <property name="idea.version2019.3" value="true"/>
    <property name="java.ext.dirs" value="D:\soft\java-1.8.0-openjdk-1.8.0.161-1\jre\lib\ext;C:\Windows\Sun\Java\lib\ext"/>
    <property name="sun.io.unicode.encoding" value="UnicodeLittle"/>
    <property name="java.class.version" value="52.0"/>
  </properties>
  <testcase name="shouldAnswerWithTrue" classname="com.xue.example.AppTest" time="0.001"/>
</testsuite>